<?xml version="1.0" encoding="UTF-8"?>
<!-- Generated by org.testng.reporters.JUnitReportReporter -->
<testsuite hostname="DESKTOP-EA5FGKH" name="ExceldataReader.ExcelDataRed" tests="1" failures="0" timestamp="21 Nov 2019 09:03:02 GMT" time="0.951" errors="0">
  <testcase name="RedDataExl" time="0.951" classname="ExceldataReader.ExcelDataRed"/>
</testsuite> <!-- ExceldataReader.ExcelDataRed -->
