<?xml version="1.0" encoding="UTF-8"?>
<!-- Generated by org.testng.reporters.JUnitReportReporter -->
<testsuite hostname="DESKTOP-EA5FGKH" name="dataproviderDemo.DataDriven" tests="3" failures="0" timestamp="21 Nov 2019 08:48:23 GMT" time="94.489" errors="0">
  <testcase name="TestLogin" time="25.137" classname="dataproviderDemo.DataDriven"/>
  <testcase name="TestLogin" time="25.254" classname="dataproviderDemo.DataDriven"/>
  <testcase name="TestLogin" time="44.098" classname="dataproviderDemo.DataDriven"/>
</testsuite> <!-- dataproviderDemo.DataDriven -->
