<?xml version="1.0" encoding="UTF-8"?>
<!-- Generated by org.testng.reporters.JUnitReportReporter -->
<testsuite hostname="DESKTOP-EA5FGKH" name="ExceldataReader.DataReader" tests="1" failures="0" timestamp="21 Nov 2019 08:48:57 GMT" time="1.328" errors="0">
  <testcase name="ReadTestData" time="1.328" classname="ExceldataReader.DataReader"/>
</testsuite> <!-- ExceldataReader.DataReader -->
